Release 14.3 - xst P.40xd (lin64)
Copyright (c) 1995-2012 Xilinx, Inc.  All rights reserved.
--> 
Parameter TMPDIR set to xst/projnav.tmp


Total REAL time to Xst completion: 0.00 secs
Total CPU time to Xst completion: 0.06 secs
 
--> 
Parameter xsthdpdir set to xst


Total REAL time to Xst completion: 0.00 secs
Total CPU time to Xst completion: 0.06 secs
 
--> 
Reading design: c2b_RAm_prep.prj

TABLE OF CONTENTS
  1) Synthesis Options Summary
  2) HDL Parsing
  3) HDL Elaboration
  4) HDL Synthesis
       4.1) HDL Synthesis Report
  5) Advanced HDL Synthesis
       5.1) Advanced HDL Synthesis Report
  6) Low Level Synthesis
  7) Partition Report
  8) Design Summary
       8.1) Primitive and Black Box Usage
       8.2) Device utilization summary
       8.3) Partition Resource Summary
       8.4) Timing Report
            8.4.1) Clock Information
            8.4.2) Asynchronous Control Signals Information
            8.4.3) Timing Summary
            8.4.4) Timing Details
            8.4.5) Cross Clock Domains Report


=========================================================================
*                      Synthesis Options Summary                        *
=========================================================================
---- Source Parameters
Input File Name                    : "c2b_RAm_prep.prj"
Ignore Synthesis Constraint File   : NO

---- Target Parameters
Output File Name                   : "c2b_RAm_prep"
Output Format                      : NGC
Target Device                      : xc6vlx240t-1-ff1156

---- Source Options
Top Module Name                    : c2b_RAm_prep
Automatic FSM Extraction           : YES
FSM Encoding Algorithm             : Auto
Safe Implementation                : No
FSM Style                          : LUT
RAM Extraction                     : Yes
RAM Style                          : Auto
ROM Extraction                     : Yes
Shift Register Extraction          : YES
ROM Style                          : Auto
Resource Sharing                   : YES
Asynchronous To Synchronous        : NO
Shift Register Minimum Size        : 2
Use DSP Block                      : Auto
Automatic Register Balancing       : No

---- Target Options
LUT Combining                      : Auto
Reduce Control Sets                : Auto
Add IO Buffers                     : YES
Global Maximum Fanout              : 100000
Add Generic Clock Buffer(BUFG)     : 32
Register Duplication               : YES
Optimize Instantiated Primitives   : NO
Use Clock Enable                   : Auto
Use Synchronous Set                : Auto
Use Synchronous Reset              : Auto
Pack IO Registers into IOBs        : Auto
Equivalent register Removal        : YES

---- General Options
Optimization Goal                  : Speed
Optimization Effort                : 1
Power Reduction                    : NO
Keep Hierarchy                     : No
Netlist Hierarchy                  : As_Optimized
RTL Output                         : Yes
Global Optimization                : AllClockNets
Read Cores                         : YES
Write Timing Constraints           : NO
Cross Clock Analysis               : NO
Hierarchy Separator                : /
Bus Delimiter                      : <>
Case Specifier                     : Maintain
Slice Utilization Ratio            : 100
BRAM Utilization Ratio             : 100
DSP48 Utilization Ratio            : 100
Auto BRAM Packing                  : NO
Slice Utilization Ratio Delta      : 5

---- Other Options
Cores Search Directories           : {"../../belief_propagation"  }

=========================================================================


=========================================================================
*                          HDL Parsing                                  *
=========================================================================
Parsing VHDL file "/home/peraxor/MEGAsync/27-7/VHDL/belief_propagation/my_types_pkg.vhd" into library work
Parsing package <my_types_pkg>.
Parsing package body <my_types_pkg>.
Parsing VHDL file "/home/peraxor/MEGAsync/27-7/VHDL/belief_propagation/c2b_RAm_write.vhd" into library work
Parsing entity <c2b_RAm_prep>.
Parsing architecture <Behavioral> of entity <c2b_ram_prep>.

=========================================================================
*                            HDL Elaboration                            *
=========================================================================

Elaborating entity <c2b_RAm_prep> (architecture <Behavioral>) from library <work>.

=========================================================================
*                           HDL Synthesis                               *
=========================================================================

Synthesizing Unit <c2b_RAm_prep>.
    Related source file is "/home/peraxor/MEGAsync/27-7/VHDL/belief_propagation/c2b_RAm_write.vhd".
WARNING:Xst:647 - Input <ro> is never used. This port will be preserved and left unconnected if it belongs to a top-level block or it belongs to a sub-block and the hierarchy of this sub-block is preserved.
WARNING:Xst:647 - Input <reg_en> is never used. This port will be preserved and left unconnected if it belongs to a top-level block or it belongs to a sub-block and the hierarchy of this sub-block is preserved.
    Found 48-bit register for signal <row_out>.
    Summary:
	inferred  48 D-type flip-flop(s).
Unit <c2b_RAm_prep> synthesized.

=========================================================================
HDL Synthesis Report

Macro Statistics
# Registers                                            : 1
 48-bit register                                       : 1

=========================================================================

=========================================================================
*                       Advanced HDL Synthesis                          *
=========================================================================


=========================================================================
Advanced HDL Synthesis Report

Macro Statistics
# Registers                                            : 48
 Flip-Flops                                            : 48

=========================================================================

=========================================================================
*                         Low Level Synthesis                           *
=========================================================================

Optimizing unit <c2b_RAm_prep> ...

Mapping all equations...
Building and optimizing final netlist ...
Found area constraint ratio of 100 (+ 5) on block c2b_RAm_prep, actual ratio is 0.

Final Macro Processing ...

=========================================================================
Final Register Report

Macro Statistics
# Registers                                            : 48
 Flip-Flops                                            : 48

=========================================================================

=========================================================================
*                           Partition Report                            *
=========================================================================

Partition Implementation Status
-------------------------------

  No Partitions were found in this design.

-------------------------------

=========================================================================
*                            Design Summary                             *
=========================================================================

Top Level Output File Name         : c2b_RAm_prep.ngc

Primitive and Black Box Usage:
------------------------------
# FlipFlops/Latches                : 48
#      FD                          : 48
# Clock Buffers                    : 1
#      BUFGP                       : 1
# IO Buffers                       : 96
#      IBUF                        : 48
#      OBUF                        : 48

Device utilization summary:
---------------------------

Selected Device : 6vlx240tff1156-1 


Slice Logic Utilization: 

Slice Logic Distribution: 
 Number of LUT Flip Flop pairs used:      0
   Number with an unused Flip Flop:       0  out of      0         
   Number with an unused LUT:             0  out of      0         
   Number of fully used LUT-FF pairs:     0  out of      0         
   Number of unique control sets:         1

IO Utilization: 
 Number of IOs:                         107
 Number of bonded IOBs:                  97  out of    600    16%  
    IOB Flip Flops/Latches:              48

Specific Feature Utilization:
 Number of BUFG/BUFGCTRLs:                1  out of     32     3%  

---------------------------
Partition Resource Summary:
---------------------------

  No Partitions were found in this design.

---------------------------


=========================================================================
Timing Report

NOTE: THESE TIMING NUMBERS ARE ONLY A SYNTHESIS ESTIMATE.
      FOR ACCURATE TIMING INFORMATION PLEASE REFER TO THE TRACE REPORT
      GENERATED AFTER PLACE-and-ROUTE.

Clock Information:
------------------
-----------------------------------+------------------------+-------+
Clock Signal                       | Clock buffer(FF name)  | Load  |
-----------------------------------+------------------------+-------+
clk                                | BUFGP                  | 48    |
-----------------------------------+------------------------+-------+

Asynchronous Control Signals Information:
----------------------------------------
No asynchronous control signals found in this design

Timing Summary:
---------------
Speed Grade: -1

   Minimum period: No path found
   Minimum input arrival time before clock: 0.413ns
   Maximum output required time after clock: 0.777ns
   Maximum combinational path delay: No path found

Timing Details:
---------------
All values displayed in nanoseconds (ns)

=========================================================================
Timing constraint: Default OFFSET IN BEFORE for Clock 'clk'
  Total number of paths / destination ports: 48 / 48
-------------------------------------------------------------------------
Offset:              0.413ns (Levels of Logic = 1)
  Source:            c_2_b7<0> (PAD)
  Destination:       row_out_0 (FF)
  Destination Clock: clk rising

  Data Path: c_2_b7<0> to row_out_0
                                Gate     Net
    Cell:in->out      fanout   Delay   Delay  Logical Name (Net Name)
    ----------------------------------------  ------------
     IBUF:I->O             1   0.003   0.399  c_2_b7_0_IBUF (c_2_b7_0_IBUF)
     FD:D                      0.011          row_out_0
    ----------------------------------------
    Total                      0.413ns (0.014ns logic, 0.399ns route)
                                       (3.4% logic, 96.6% route)

=========================================================================
Timing constraint: Default OFFSET OUT AFTER for Clock 'clk'
  Total number of paths / destination ports: 48 / 48
-------------------------------------------------------------------------
Offset:              0.777ns (Levels of Logic = 1)
  Source:            row_out_47 (FF)
  Destination:       row_out<47> (PAD)
  Source Clock:      clk rising

  Data Path: row_out_47 to row_out<47>
                                Gate     Net
    Cell:in->out      fanout   Delay   Delay  Logical Name (Net Name)
    ----------------------------------------  ------------
     FD:C->Q               1   0.375   0.399  row_out_47 (row_out_47)
     OBUF:I->O                 0.003          row_out_47_OBUF (row_out<47>)
    ----------------------------------------
    Total                      0.777ns (0.378ns logic, 0.399ns route)
                                       (48.6% logic, 51.4% route)

=========================================================================

Cross Clock Domains Report:
--------------------------

=========================================================================


Total REAL time to Xst completion: 5.00 secs
Total CPU time to Xst completion: 5.57 secs
 
--> 


Total memory usage is 412376 kilobytes

Number of errors   :    0 (   0 filtered)
Number of warnings :    2 (   0 filtered)
Number of infos    :    0 (   0 filtered)

