Release 14.3 - xst P.40xd (lin64)
Copyright (c) 1995-2012 Xilinx, Inc.  All rights reserved.
--> 
Parameter TMPDIR set to xst/projnav.tmp


Total REAL time to Xst completion: 0.00 secs
Total CPU time to Xst completion: 0.05 secs
 
--> 
Parameter xsthdpdir set to xst


Total REAL time to Xst completion: 0.00 secs
Total CPU time to Xst completion: 0.05 secs
 
--> 
Reading design: Check2BitRAM.prj

TABLE OF CONTENTS
  1) Synthesis Options Summary
  2) HDL Parsing
  3) HDL Elaboration
  4) HDL Synthesis
       4.1) HDL Synthesis Report
  5) Advanced HDL Synthesis
       5.1) Advanced HDL Synthesis Report
  6) Low Level Synthesis
  7) Partition Report
  8) Design Summary
       8.1) Primitive and Black Box Usage
       8.2) Device utilization summary
       8.3) Partition Resource Summary
       8.4) Timing Report
            8.4.1) Clock Information
            8.4.2) Asynchronous Control Signals Information
            8.4.3) Timing Summary
            8.4.4) Timing Details
            8.4.5) Cross Clock Domains Report


=========================================================================
*                      Synthesis Options Summary                        *
=========================================================================
---- Source Parameters
Input File Name                    : "Check2BitRAM.prj"
Ignore Synthesis Constraint File   : NO

---- Target Parameters
Output File Name                   : "Check2BitRAM"
Output Format                      : NGC
Target Device                      : xc6vlx240t-1-ff1156

---- Source Options
Top Module Name                    : Check2BitRAM
Automatic FSM Extraction           : YES
FSM Encoding Algorithm             : Auto
Safe Implementation                : No
FSM Style                          : LUT
RAM Extraction                     : Yes
RAM Style                          : Auto
ROM Extraction                     : Yes
Shift Register Extraction          : YES
ROM Style                          : Auto
Resource Sharing                   : YES
Asynchronous To Synchronous        : NO
Shift Register Minimum Size        : 2
Use DSP Block                      : Auto
Automatic Register Balancing       : No

---- Target Options
LUT Combining                      : Auto
Reduce Control Sets                : Auto
Add IO Buffers                     : YES
Global Maximum Fanout              : 100000
Add Generic Clock Buffer(BUFG)     : 32
Register Duplication               : YES
Optimize Instantiated Primitives   : NO
Use Clock Enable                   : Auto
Use Synchronous Set                : Auto
Use Synchronous Reset              : Auto
Pack IO Registers into IOBs        : Auto
Equivalent register Removal        : YES

---- General Options
Optimization Goal                  : Speed
Optimization Effort                : 1
Power Reduction                    : NO
Keep Hierarchy                     : No
Netlist Hierarchy                  : As_Optimized
RTL Output                         : Yes
Global Optimization                : AllClockNets
Read Cores                         : YES
Write Timing Constraints           : NO
Cross Clock Analysis               : NO
Hierarchy Separator                : /
Bus Delimiter                      : <>
Case Specifier                     : Maintain
Slice Utilization Ratio            : 100
BRAM Utilization Ratio             : 100
DSP48 Utilization Ratio            : 100
Auto BRAM Packing                  : NO
Slice Utilization Ratio Delta      : 5

---- Other Options
Cores Search Directories           : {"../../belief_propagation"  }

=========================================================================


=========================================================================
*                          HDL Parsing                                  *
=========================================================================
Parsing VHDL file "/home/peraxor/MEGAsync/27-7/VHDL/belief_propagation/my_types_pkg.vhd" into library work
Parsing package <my_types_pkg>.
Parsing package body <my_types_pkg>.
Parsing VHDL file "/home/peraxor/MEGAsync/27-7/VHDL/belief_propagation/Check2BitRAM.vhd" into library work
Parsing entity <Check2BitRAM>.
Parsing architecture <syn> of entity <check2bitram>.

=========================================================================
*                            HDL Elaboration                            *
=========================================================================

Elaborating entity <Check2BitRAM> (architecture <syn>) from library <work>.

=========================================================================
*                           HDL Synthesis                               *
=========================================================================

Synthesizing Unit <Check2BitRAM>.
    Related source file is "/home/peraxor/MEGAsync/27-7/VHDL/belief_propagation/Check2BitRAM.vhd".
    Found 512x48-bit single-port RAM <Mram_RAM> for signal <RAM>.
    Found 48-bit register for signal <do>.
    Summary:
	inferred   1 RAM(s).
	inferred  48 D-type flip-flop(s).
	inferred   1 Multiplexer(s).
Unit <Check2BitRAM> synthesized.

=========================================================================
HDL Synthesis Report

Macro Statistics
# RAMs                                                 : 1
 512x48-bit single-port RAM                            : 1
# Registers                                            : 1
 48-bit register                                       : 1
# Multiplexers                                         : 1
 48-bit 2-to-1 multiplexer                             : 1

=========================================================================

=========================================================================
*                       Advanced HDL Synthesis                          *
=========================================================================


Synthesizing (advanced) Unit <Check2BitRAM>.
INFO:Xst:3226 - The RAM <Mram_RAM> will be implemented as a BLOCK RAM, absorbing the following register(s): <do>
    -----------------------------------------------------------------------
    | ram_type           | Block                               |          |
    -----------------------------------------------------------------------
    | Port A                                                              |
    |     aspect ratio   | 512-word x 48-bit                   |          |
    |     mode           | write-first                         |          |
    |     clkA           | connected to signal <clk>           | rise     |
    |     enA            | connected to signal <en>            | high     |
    |     weA            | connected to signal <we>            | high     |
    |     addrA          | connected to signal <addr>          |          |
    |     diA            | connected to signal <di>            |          |
    |     doA            | connected to signal <do>            |          |
    -----------------------------------------------------------------------
    | optimization       | speed                               |          |
    -----------------------------------------------------------------------
Unit <Check2BitRAM> synthesized (advanced).

=========================================================================
Advanced HDL Synthesis Report

Macro Statistics
# RAMs                                                 : 1
 512x48-bit single-port block RAM                      : 1

=========================================================================

=========================================================================
*                         Low Level Synthesis                           *
=========================================================================

Optimizing unit <Check2BitRAM> ...

Mapping all equations...
Building and optimizing final netlist ...
Found area constraint ratio of 100 (+ 5) on block Check2BitRAM, actual ratio is 0.

Final Macro Processing ...

=========================================================================
Final Register Report

Found no macro
=========================================================================

=========================================================================
*                           Partition Report                            *
=========================================================================

Partition Implementation Status
-------------------------------

  No Partitions were found in this design.

-------------------------------

=========================================================================
*                            Design Summary                             *
=========================================================================

Top Level Output File Name         : Check2BitRAM.ngc

Primitive and Black Box Usage:
------------------------------
# BELS                             : 2
#      GND                         : 1
#      VCC                         : 1
# RAMS                             : 2
#      RAMB18E1                    : 1
#      RAMB36E1                    : 1
# Clock Buffers                    : 1
#      BUFGP                       : 1
# IO Buffers                       : 107
#      IBUF                        : 59
#      OBUF                        : 48

Device utilization summary:
---------------------------

Selected Device : 6vlx240tff1156-1 


Slice Logic Utilization: 

Slice Logic Distribution: 
 Number of LUT Flip Flop pairs used:      0
   Number with an unused Flip Flop:       0  out of      0         
   Number with an unused LUT:             0  out of      0         
   Number of fully used LUT-FF pairs:     0  out of      0         
   Number of unique control sets:         0

IO Utilization: 
 Number of IOs:                         108
 Number of bonded IOBs:                 108  out of    600    18%  

Specific Feature Utilization:
 Number of Block RAM/FIFO:                2  out of    416     0%  
    Number using Block RAM only:          2
 Number of BUFG/BUFGCTRLs:                1  out of     32     3%  

---------------------------
Partition Resource Summary:
---------------------------

  No Partitions were found in this design.

---------------------------


=========================================================================
Timing Report

NOTE: THESE TIMING NUMBERS ARE ONLY A SYNTHESIS ESTIMATE.
      FOR ACCURATE TIMING INFORMATION PLEASE REFER TO THE TRACE REPORT
      GENERATED AFTER PLACE-and-ROUTE.

Clock Information:
------------------
-----------------------------------+------------------------+-------+
Clock Signal                       | Clock buffer(FF name)  | Load  |
-----------------------------------+------------------------+-------+
clk                                | BUFGP                  | 2     |
-----------------------------------+------------------------+-------+

Asynchronous Control Signals Information:
----------------------------------------
-----------------------------------+------------------------+-------+
Control Signal                     | Buffer(FF name)        | Load  |
-----------------------------------+------------------------+-------+
we                                 | IBUF                   | 2     |
-----------------------------------+------------------------+-------+

Timing Summary:
---------------
Speed Grade: -1

   Minimum period: No path found
   Minimum input arrival time before clock: 1.109ns
   Maximum output required time after clock: 2.475ns
   Maximum combinational path delay: No path found

Timing Details:
---------------
All values displayed in nanoseconds (ns)

=========================================================================
Timing constraint: Default OFFSET IN BEFORE for Clock 'clk'
  Total number of paths / destination ports: 74 / 74
-------------------------------------------------------------------------
Offset:              1.109ns (Levels of Logic = 1)
  Source:            di<31> (PAD)
  Destination:       Mram_RAM1 (RAM)
  Destination Clock: clk rising

  Data Path: di<31> to Mram_RAM1
                                Gate     Net
    Cell:in->out      fanout   Delay   Delay  Logical Name (Net Name)
    ----------------------------------------  ------------
     IBUF:I->O             1   0.003   0.399  di_31_IBUF (di_31_IBUF)
     RAMB36E1:DIADI31          0.707          Mram_RAM1
    ----------------------------------------
    Total                      1.109ns (0.710ns logic, 0.399ns route)
                                       (64.0% logic, 36.0% route)

=========================================================================
Timing constraint: Default OFFSET OUT AFTER for Clock 'clk'
  Total number of paths / destination ports: 48 / 48
-------------------------------------------------------------------------
Offset:              2.475ns (Levels of Logic = 1)
  Source:            Mram_RAM2 (RAM)
  Destination:       do<47> (PAD)
  Source Clock:      clk rising

  Data Path: Mram_RAM2 to do<47>
                                Gate     Net
    Cell:in->out      fanout   Delay   Delay  Logical Name (Net Name)
    ----------------------------------------  ------------
     RAMB18E1:CLKARDCLK->DOADO11    1   2.073   0.399  Mram_RAM2 (do_47_OBUF)
     OBUF:I->O                 0.003          do_47_OBUF (do<47>)
    ----------------------------------------
    Total                      2.475ns (2.076ns logic, 0.399ns route)
                                       (83.9% logic, 16.1% route)

=========================================================================

Cross Clock Domains Report:
--------------------------

=========================================================================


Total REAL time to Xst completion: 6.00 secs
Total CPU time to Xst completion: 6.04 secs
 
--> 


Total memory usage is 411280 kilobytes

Number of errors   :    0 (   0 filtered)
Number of warnings :    0 (   0 filtered)
Number of infos    :    1 (   0 filtered)

