Release 14.3 - xst P.40xd (lin64)
Copyright (c) 1995-2012 Xilinx, Inc.  All rights reserved.
--> 
Parameter TMPDIR set to xst/projnav.tmp


Total REAL time to Xst completion: 0.00 secs
Total CPU time to Xst completion: 0.05 secs
 
--> 
Parameter xsthdpdir set to xst


Total REAL time to Xst completion: 0.00 secs
Total CPU time to Xst completion: 0.05 secs
 
--> 
Reading design: minimum_13comp.prj

TABLE OF CONTENTS
  1) Synthesis Options Summary
  2) HDL Parsing
  3) HDL Elaboration
  4) HDL Synthesis
       4.1) HDL Synthesis Report
  5) Advanced HDL Synthesis
       5.1) Advanced HDL Synthesis Report
  6) Low Level Synthesis
  7) Partition Report
  8) Design Summary
       8.1) Primitive and Black Box Usage
       8.2) Device utilization summary
       8.3) Partition Resource Summary
       8.4) Timing Report
            8.4.1) Clock Information
            8.4.2) Asynchronous Control Signals Information
            8.4.3) Timing Summary
            8.4.4) Timing Details
            8.4.5) Cross Clock Domains Report


=========================================================================
*                      Synthesis Options Summary                        *
=========================================================================
---- Source Parameters
Input File Name                    : "minimum_13comp.prj"
Ignore Synthesis Constraint File   : NO

---- Target Parameters
Output File Name                   : "minimum_13comp"
Output Format                      : NGC
Target Device                      : xc6vlx240t-1-ff1156

---- Source Options
Top Module Name                    : minimum_13comp
Automatic FSM Extraction           : YES
FSM Encoding Algorithm             : Auto
Safe Implementation                : No
FSM Style                          : LUT
RAM Extraction                     : Yes
RAM Style                          : Auto
ROM Extraction                     : Yes
Shift Register Extraction          : YES
ROM Style                          : Auto
Resource Sharing                   : YES
Asynchronous To Synchronous        : NO
Shift Register Minimum Size        : 2
Use DSP Block                      : Auto
Automatic Register Balancing       : No

---- Target Options
LUT Combining                      : Auto
Reduce Control Sets                : Auto
Add IO Buffers                     : YES
Global Maximum Fanout              : 100000
Add Generic Clock Buffer(BUFG)     : 32
Register Duplication               : YES
Optimize Instantiated Primitives   : NO
Use Clock Enable                   : Auto
Use Synchronous Set                : Auto
Use Synchronous Reset              : Auto
Pack IO Registers into IOBs        : Auto
Equivalent register Removal        : YES

---- General Options
Optimization Goal                  : Speed
Optimization Effort                : 1
Power Reduction                    : NO
Keep Hierarchy                     : No
Netlist Hierarchy                  : As_Optimized
RTL Output                         : Yes
Global Optimization                : AllClockNets
Read Cores                         : YES
Write Timing Constraints           : NO
Cross Clock Analysis               : NO
Hierarchy Separator                : /
Bus Delimiter                      : <>
Case Specifier                     : Maintain
Slice Utilization Ratio            : 100
BRAM Utilization Ratio             : 100
DSP48 Utilization Ratio            : 100
Auto BRAM Packing                  : NO
Slice Utilization Ratio Delta      : 5

=========================================================================


=========================================================================
*                          HDL Parsing                                  *
=========================================================================
Parsing VHDL file "/home/peraxor/MEGAsync/27-7/VHDL/implementation/my_types_pkg.vhd" into library work
Parsing package <my_types_pkg>.
Parsing package body <my_types_pkg>.
Parsing VHDL file "/home/peraxor/MEGAsync/27-7/VHDL/implementation/registerN.vhd" into library work
Parsing entity <registerN>.
Parsing architecture <Behavioral> of entity <registern>.
Parsing VHDL file "/home/peraxor/MEGAsync/27-7/VHDL/implementation/comparator.vhd" into library work
Parsing entity <Comparator>.
Parsing architecture <comp> of entity <comparator>.
Parsing VHDL file "/home/peraxor/MEGAsync/27-7/VHDL/belief_propagation/register3bit.vhd" into library work
Parsing entity <register3bit>.
Parsing architecture <Behavioral> of entity <register3bit>.
Parsing VHDL file "/home/peraxor/MEGAsync/27-7/VHDL/belief_propagation/comparator_min_only.vhd" into library work
Parsing entity <comparator_min_only>.
Parsing architecture <comp> of entity <comparator_min_only>.
Parsing VHDL file "/home/peraxor/MEGAsync/27-7/VHDL/belief_propagation/minimum_13comp.vhd" into library work
Parsing entity <minimum_13comp>.
Parsing architecture <Behavioral> of entity <minimum_13comp>.

=========================================================================
*                            HDL Elaboration                            *
=========================================================================

Elaborating entity <minimum_13comp> (architecture <Behavioral>) from library <work>.

Elaborating entity <Comparator> (architecture <comp>) from library <work>.

Elaborating entity <comparator_min_only> (architecture <comp>) from library <work>.

Elaborating entity <registerN> (architecture <Behavioral>) from library <work>.

Elaborating entity <register3bit> (architecture <Behavioral>) from library <work>.

=========================================================================
*                           HDL Synthesis                               *
=========================================================================

Synthesizing Unit <minimum_13comp>.
    Related source file is "/home/peraxor/MEGAsync/27-7/VHDL/belief_propagation/minimum_13comp.vhd".
INFO:Xst:3210 - "/home/peraxor/MEGAsync/27-7/VHDL/belief_propagation/minimum_13comp.vhd" line 83: Output port <min_2pos> of the instance <c2> is unconnected or connected to loadless signal.
    Found 6-bit adder for signal <r0> created at line 61.
    Found 6-bit adder for signal <r1> created at line 61.
    Found 6-bit adder for signal <r2> created at line 61.
    Found 6-bit adder for signal <r3> created at line 61.
    Found 6-bit adder for signal <r4> created at line 61.
    Found 6-bit adder for signal <r5> created at line 61.
    Found 6-bit adder for signal <r6> created at line 61.
    Found 6-bit adder for signal <r7> created at line 61.
    Summary:
	inferred   8 Adder/Subtractor(s).
Unit <minimum_13comp> synthesized.

Synthesizing Unit <Comparator>.
    Related source file is "/home/peraxor/MEGAsync/27-7/VHDL/implementation/comparator.vhd".
    Found 6-bit adder for signal <GND_6_o_GND_6_o_add_3_OUT> created at line 28.
    Found 6-bit adder for signal <GND_6_o_GND_6_o_add_6_OUT> created at line 35.
    Found 6-bit comparator greater for signal <GND_6_o_GND_6_o_LessThan_3_o> created at line 27
    Summary:
	inferred   2 Adder/Subtractor(s).
	inferred   1 Comparator(s).
	inferred   4 Multiplexer(s).
Unit <Comparator> synthesized.

Synthesizing Unit <comparator_min_only>.
    Related source file is "/home/peraxor/MEGAsync/27-7/VHDL/belief_propagation/comparator_min_only.vhd".
    Found 6-bit adder for signal <GND_18_o_GND_18_o_add_3_OUT> created at line 26.
    Found 6-bit adder for signal <GND_18_o_GND_18_o_add_4_OUT> created at line 31.
    Found 6-bit comparator greater for signal <GND_18_o_GND_18_o_LessThan_3_o> created at line 25
    Summary:
	inferred   2 Adder/Subtractor(s).
	inferred   1 Comparator(s).
	inferred   2 Multiplexer(s).
Unit <comparator_min_only> synthesized.

Synthesizing Unit <registerN>.
    Related source file is "/home/peraxor/MEGAsync/27-7/VHDL/implementation/registerN.vhd".
    Found 6-bit register for signal <q>.
    Summary:
	inferred   6 D-type flip-flop(s).
Unit <registerN> synthesized.

Synthesizing Unit <register3bit>.
    Related source file is "/home/peraxor/MEGAsync/27-7/VHDL/belief_propagation/register3bit.vhd".
    Found 3-bit register for signal <q>.
    Summary:
	inferred   3 D-type flip-flop(s).
Unit <register3bit> synthesized.

=========================================================================
HDL Synthesis Report

Macro Statistics
# Adders/Subtractors                                   : 34
 6-bit adder                                           : 34
# Registers                                            : 6
 3-bit register                                        : 3
 6-bit register                                        : 3
# Comparators                                          : 13
 6-bit comparator greater                              : 13
# Multiplexers                                         : 42
 3-bit 2-to-1 multiplexer                              : 21
 6-bit 2-to-1 multiplexer                              : 21
# Xors                                                 : 170
 1-bit xor2                                            : 170

=========================================================================

=========================================================================
*                       Advanced HDL Synthesis                          *
=========================================================================


=========================================================================
Advanced HDL Synthesis Report

Macro Statistics
# Adders/Subtractors                                   : 34
 6-bit adder                                           : 34
# Registers                                            : 27
 Flip-Flops                                            : 27
# Comparators                                          : 13
 6-bit comparator greater                              : 13
# Multiplexers                                         : 41
 3-bit 2-to-1 multiplexer                              : 20
 6-bit 2-to-1 multiplexer                              : 21
# Xors                                                 : 170
 1-bit xor2                                            : 170

=========================================================================

=========================================================================
*                         Low Level Synthesis                           *
=========================================================================
WARNING:Xst:1710 - FF/Latch <re4/q_2> (without init value) has a constant value of 0 in block <minimum_13comp>. This FF/Latch will be trimmed during the optimization process.

Optimizing unit <minimum_13comp> ...

Mapping all equations...
Building and optimizing final netlist ...
Found area constraint ratio of 100 (+ 5) on block minimum_13comp, actual ratio is 0.

Final Macro Processing ...

=========================================================================
Final Register Report

Macro Statistics
# Registers                                            : 26
 Flip-Flops                                            : 26

=========================================================================

=========================================================================
*                           Partition Report                            *
=========================================================================

Partition Implementation Status
-------------------------------

  No Partitions were found in this design.

-------------------------------

=========================================================================
*                            Design Summary                             *
=========================================================================

Top Level Output File Name         : minimum_13comp.ngc

Primitive and Black Box Usage:
------------------------------
# BELS                             : 373
#      GND                         : 1
#      LUT2                        : 3
#      LUT3                        : 15
#      LUT4                        : 75
#      LUT5                        : 85
#      LUT6                        : 184
#      MUXF7                       : 9
#      VCC                         : 1
# FlipFlops/Latches                : 26
#      FDRE                        : 26
# Clock Buffers                    : 1
#      BUFGP                       : 1
# IO Buffers                       : 77
#      IBUF                        : 50
#      OBUF                        : 27

Device utilization summary:
---------------------------

Selected Device : 6vlx240tff1156-1 


Slice Logic Utilization: 
 Number of Slice LUTs:                  362  out of  150720     0%  
    Number used as Logic:               362  out of  150720     0%  

Slice Logic Distribution: 
 Number of LUT Flip Flop pairs used:    362
   Number with an unused Flip Flop:     362  out of    362   100%  
   Number with an unused LUT:             0  out of    362     0%  
   Number of fully used LUT-FF pairs:     0  out of    362     0%  
   Number of unique control sets:         1

IO Utilization: 
 Number of IOs:                          78
 Number of bonded IOBs:                  78  out of    600    13%  
    IOB Flip Flops/Latches:              26

Specific Feature Utilization:
 Number of BUFG/BUFGCTRLs:                1  out of     32     3%  

---------------------------
Partition Resource Summary:
---------------------------

  No Partitions were found in this design.

---------------------------


=========================================================================
Timing Report

NOTE: THESE TIMING NUMBERS ARE ONLY A SYNTHESIS ESTIMATE.
      FOR ACCURATE TIMING INFORMATION PLEASE REFER TO THE TRACE REPORT
      GENERATED AFTER PLACE-and-ROUTE.

Clock Information:
------------------
-----------------------------------+------------------------+-------+
Clock Signal                       | Clock buffer(FF name)  | Load  |
-----------------------------------+------------------------+-------+
clk                                | BUFGP                  | 26    |
-----------------------------------+------------------------+-------+

Asynchronous Control Signals Information:
----------------------------------------
No asynchronous control signals found in this design

Timing Summary:
---------------
Speed Grade: -1

   Minimum period: No path found
   Minimum input arrival time before clock: 23.093ns
   Maximum output required time after clock: 0.777ns
   Maximum combinational path delay: No path found

Timing Details:
---------------
All values displayed in nanoseconds (ns)

=========================================================================
Timing constraint: Default OFFSET IN BEFORE for Clock 'clk'
  Total number of paths / destination ports: 2063705080961 / 77
-------------------------------------------------------------------------
Offset:              23.093ns (Levels of Logic = 31)
  Source:            LLR<1><0> (PAD)
  Destination:       re3/q_4 (FF)
  Destination Clock: clk rising

  Data Path: LLR<1><0> to re3/q_4
                                Gate     Net
    Cell:in->out      fanout   Delay   Delay  Logical Name (Net Name)
    ----------------------------------------  ------------
     IBUF:I->O            25   0.003   0.926  LLR_1__0_IBUF (Madd_r1_lut<0>)
     LUT6:I1->O            6   0.068   0.811  c1/Mxor_LLR2[1]_LLR2[5]_XOR_75_o_xo<0>1 (c1/Madd_GND_6_o_GND_6_o_add_6_OUT_lut<1>)
     LUT6:I0->O            1   0.068   0.417  c1/GND_6_o_GND_6_o_LessThan_3_o_SW0 (N83)
     LUT6:I5->O            1   0.068   0.399  c1/GND_6_o_GND_6_o_LessThan_3_o (c1/GND_6_o_GND_6_o_LessThan_3_o1)
     MUXF7:S->O           22   0.267   0.914  c1/GND_6_o_GND_6_o_LessThan_3_o1 (c1/GND_6_o_GND_6_o_LessThan_3_o)
     LUT6:I0->O            7   0.068   0.818  c3/Mxor_LLR2[1]_LLR2[5]_XOR_75_o_xo<0>1 (c3/Madd_GND_6_o_GND_6_o_add_6_OUT_lut<1>)
     LUT6:I0->O            1   0.068   0.417  c3/GND_6_o_GND_6_o_LessThan_3_o1_SW0 (N91)
     LUT6:I5->O            2   0.068   0.644  c3/GND_6_o_GND_6_o_LessThan_3_o1 (c3/GND_6_o_GND_6_o_LessThan_3_o1)
     LUT6:I2->O            1   0.068   0.000  c3/GND_6_o_GND_6_o_LessThan_3_o2_G (N114)
     MUXF7:I1->O          21   0.248   0.905  c3/GND_6_o_GND_6_o_LessThan_3_o2 (c3/GND_6_o_GND_6_o_LessThan_3_o)
     LUT5:I0->O            9   0.068   0.828  c6/Madd_GND_18_o_GND_18_o_add_4_OUT_lut<0>1 (c6/Madd_GND_18_o_GND_18_o_add_4_OUT_lut<0>)
     LUT6:I1->O            1   0.068   0.417  c6/GND_18_o_GND_18_o_LessThan_3_o_SW0 (N79)
     LUT6:I5->O            4   0.068   0.795  c6/GND_18_o_GND_18_o_LessThan_3_o (c6/GND_18_o_GND_18_o_LessThan_3_o1)
     LUT5:I0->O            1   0.068   0.581  c6/GND_18_o_GND_18_o_LessThan_3_o11 (c6/GND_18_o_GND_18_o_LessThan_3_o12)
     LUT6:I3->O           15   0.068   0.870  c6/GND_18_o_GND_18_o_LessThan_3_o15 (c6/GND_18_o_GND_18_o_LessThan_3_o)
     LUT6:I0->O            6   0.068   0.811  c9/Mxor_LLR2[1]_LLR2[5]_XOR_95_o_xo<0>1 (c9/Madd_GND_18_o_GND_18_o_add_4_OUT_lut<1>)
     LUT6:I0->O            1   0.068   0.778  c9/GND_18_o_GND_18_o_LessThan_3_o21 (c9/GND_18_o_GND_18_o_LessThan_3_o2)
     LUT6:I0->O            4   0.068   0.798  c9/GND_18_o_GND_18_o_LessThan_3_o22 (c9/GND_18_o_GND_18_o_LessThan_3_o1)
     LUT6:I0->O            1   0.068   0.775  c9/GND_18_o_GND_18_o_LessThan_3_o31 (c9/GND_18_o_GND_18_o_LessThan_3_o3)
     LUT6:I1->O           12   0.068   0.847  c9/GND_18_o_GND_18_o_LessThan_3_o36 (c9/GND_18_o_GND_18_o_LessThan_3_o)
     LUT5:I0->O           12   0.068   0.847  c11/Madd_GND_6_o_GND_6_o_add_6_OUT_lut<0>1 (c11/Madd_GND_6_o_GND_6_o_add_6_OUT_lut<0>)
     LUT6:I1->O            1   0.068   0.417  c11/GND_6_o_GND_6_o_LessThan_3_o_SW0 (N85)
     LUT6:I5->O            1   0.068   0.399  c11/GND_6_o_GND_6_o_LessThan_3_o (c11/GND_6_o_GND_6_o_LessThan_3_o1)
     MUXF7:S->O           16   0.267   0.876  c11/GND_6_o_GND_6_o_LessThan_3_o1 (c11/GND_6_o_GND_6_o_LessThan_3_o)
     LUT6:I0->O            4   0.068   0.798  c13/Mxor_LLR1[1]_LLR1[5]_XOR_90_o_xo<0>1 (c13/Madd_GND_18_o_GND_18_o_add_3_OUT_lut<1>)
     LUT6:I0->O            3   0.068   0.789  c13/Madd_GND_18_o_GND_18_o_add_3_OUT_xor<1>11 (c13/GND_18_o_GND_18_o_add_3_OUT<1>)
     LUT6:I1->O            1   0.068   0.000  c13/GND_18_o_GND_18_o_LessThan_3_o_G (N116)
     MUXF7:I1->O           5   0.248   0.805  c13/GND_18_o_GND_18_o_LessThan_3_o (c13/GND_18_o_GND_18_o_LessThan_3_o1)
     LUT6:I0->O            2   0.068   0.781  c13/GND_18_o_GND_18_o_LessThan_3_o11 (c13/GND_18_o_GND_18_o_LessThan_3_o11)
     LUT6:I1->O            7   0.068   0.818  c13/GND_18_o_GND_18_o_LessThan_3_o16 (c13/GND_18_o_GND_18_o_LessThan_3_o)
     LUT6:I0->O            1   0.068   0.000  c13/Mmux_mium31 (mini3<2>)
     FDRE:D                    0.011          re3/q_2
    ----------------------------------------
    Total                     23.093ns (2.812ns logic, 20.281ns route)
                                       (12.2% logic, 87.8% route)

=========================================================================
Timing constraint: Default OFFSET OUT AFTER for Clock 'clk'
  Total number of paths / destination ports: 26 / 26
-------------------------------------------------------------------------
Offset:              0.777ns (Levels of Logic = 1)
  Source:            re1/q_5 (FF)
  Destination:       min_1<5> (PAD)
  Source Clock:      clk rising

  Data Path: re1/q_5 to min_1<5>
                                Gate     Net
    Cell:in->out      fanout   Delay   Delay  Logical Name (Net Name)
    ----------------------------------------  ------------
     FDRE:C->Q             1   0.375   0.399  re1/q_5 (re1/q_5)
     OBUF:I->O                 0.003          min_1_5_OBUF (min_1<5>)
    ----------------------------------------
    Total                      0.777ns (0.378ns logic, 0.399ns route)
                                       (48.6% logic, 51.4% route)

=========================================================================

Cross Clock Domains Report:
--------------------------

=========================================================================


Total REAL time to Xst completion: 10.00 secs
Total CPU time to Xst completion: 9.58 secs
 
--> 


Total memory usage is 412144 kilobytes

Number of errors   :    0 (   0 filtered)
Number of warnings :    1 (   0 filtered)
Number of infos    :    1 (   0 filtered)

